<?xml version="1.0" encoding="UTF-8"?>
<!-- Generated by org.testng.reporters.JUnitReportReporter -->
<testsuite skipped="0" hostname="DESKTOP-EJ97I43" name="com.crm.qa.testcases.PersonalProfilePageTest" tests="4" failures="0" timestamp="30 Apr 2019 13:10:13 GMT" time="73.897" errors="0">
  <testcase name="verifyPageTitle" time="16.264" classname="com.crm.qa.testcases.PersonalProfilePageTest"/>
  <testcase name="checkLoggedUsername" time="19.185" classname="com.crm.qa.testcases.PersonalProfilePageTest"/>
  <testcase name="moveToDealsPage" time="20.331" classname="com.crm.qa.testcases.PersonalProfilePageTest"/>
  <testcase name="moveToContactsPage" time="18.117" classname="com.crm.qa.testcases.PersonalProfilePageTest"/>
</testsuite> <!-- com.crm.qa.testcases.PersonalProfilePageTest -->
