<?xml version="1.0" encoding="UTF-8"?>
<!-- Generated by org.testng.reporters.JUnitReportReporter -->
<testsuite skipped="0" hostname="DESKTOP-EJ97I43" name="com.crm.qa.testcases.HomePageTest" tests="3" failures="0" timestamp="30 Apr 2019 13:10:13 GMT" time="34.757" errors="0">
  <testcase name="HomePageTitleTest" time="7.718" classname="com.crm.qa.testcases.HomePageTest"/>
  <testcase name="crmLogoTest" time="9.342" classname="com.crm.qa.testcases.HomePageTest"/>
  <testcase name="clickLoginBtn" time="17.697" classname="com.crm.qa.testcases.HomePageTest"/>
</testsuite> <!-- com.crm.qa.testcases.HomePageTest -->
