<?xml version="1.0" encoding="UTF-8"?>
<!-- Generated by org.testng.reporters.JUnitReportReporter -->
<testsuite skipped="0" hostname="DESKTOP-EJ97I43" name="com.crm.qa.testcases.LoginPageTest" tests="1" failures="0" timestamp="02 May 2019 15:39:19 GMT" time="13.629" errors="0">
  <testcase name="loginTest" time="13.629" classname="com.crm.qa.testcases.LoginPageTest"/>
</testsuite> <!-- com.crm.qa.testcases.LoginPageTest -->
