<?xml version="1.0" encoding="UTF-8"?>
<!-- Generated by org.testng.reporters.JUnitReportReporter -->
<testsuite skipped="0" hostname="DESKTOP-EJ97I43" name="com.crm.qa.testcases.LoginPageTest" tests="1" failures="0" timestamp="04 May 2019 10:06:57 GMT" time="12.729" errors="0">
  <testcase name="loginTest" time="12.729" classname="com.crm.qa.testcases.LoginPageTest"/>
</testsuite> <!-- com.crm.qa.testcases.LoginPageTest -->
