<?xml version="1.0" encoding="UTF-8"?>
<!-- Generated by org.testng.reporters.JUnitReportReporter -->
<testsuite skipped="0" hostname="DESKTOP-EJ97I43" name="com.crm.qa.testcases.ContactsPageTest" tests="3" failures="0" timestamp="04 May 2019 10:06:57 GMT" time="54.133" errors="0">
  <testcase name="verifyAddContactDetails" time="18.474" classname="com.crm.qa.testcases.ContactsPageTest"/>
  <testcase name="verifyAddContactDetails" time="17.992" classname="com.crm.qa.testcases.ContactsPageTest"/>
  <testcase name="verifyAddContactDetails" time="17.667" classname="com.crm.qa.testcases.ContactsPageTest"/>
</testsuite> <!-- com.crm.qa.testcases.ContactsPageTest -->
